[2026-06-12 21:00:08] Recon module launched
[2026-06-12 21:00:12] BruteForce module launched
[2026-06-12 21:00:18] BruteForce module launched
[2026-06-12 21:00:28] WebAttacks module launched
[2026-06-12 21:00:32] RevShells module launched
[2026-06-12 21:00:39] Forensics module launched
[2026-06-12 21:00:42] HashCrack module launched
[2026-06-12 21:00:50] Traffic module launched
[2026-06-12 21:00:54] Traffic module launched
[2026-06-12 21:01:07] ShadowScan launched
[2026-06-12 21:01:17] ShadowScan launched
[2026-06-12 21:01:44] ShadowScan launched
[2026-06-12 21:01:58] tmux workspace launched
[2026-06-12 21:02:11] tmux workspace launched
[2026-06-12 21:02:39] Recon module launched
[2026-06-12 21:02:45] GitHub push initiated
[2026-06-12 21:03:51] LogAnalyzer module launched
[2026-06-12 21:03:54] ShadowScan launched
[2026-06-12 21:06:43] tmux workspace launched
[2026-06-12 21:06:59] Recon module launched
[2026-06-12 21:07:02] Recon module launched
[2026-06-12 21:08:38] Recon module launched
[2026-06-12 21:08:41] BruteForce module launched
[2026-06-12 21:08:43] WebAttacks module launched
[2026-06-12 21:08:46] RevShells module launched
[2026-06-13 11:52:36] Recon module launched
[2026-06-13 11:53:02] [RECON] Target set: jafd
[2026-06-13 12:11:46] Forensics module launched
[2026-06-13 12:12:00] Traffic module launched
[2026-06-13 12:12:08] RevShells module launched
[2026-06-13 12:17:04] HashCrack module launched
[2026-06-13 12:18:36] HashCrack module launched
[2026-06-13 18:05:21] tmux workspace launched
[2026-06-13 18:06:37] GitHub push initiated
